<?xml version="1.0" encoding="UTF-8"?>
<!-- Generated by org.testng.reporters.JUnitReportReporter -->
<testsuite hostname="DESKTOP-MPH6Q50" failures="0" tests="1" name="com.actitime.testscript.LoginVtiger" time="59.995" errors="0" timestamp="15 Jun 2022 19:15:02 GMT" skipped="0">
  <testcase classname="com.actitime.testscript.LoginVtiger" name="loginTest" time="59.995"/>
</testsuite> <!-- com.actitime.testscript.LoginVtiger -->
