<?xml version="1.0" encoding="UTF-8"?>
<!-- Generated by org.testng.reporters.JUnitReportReporter -->
<testsuite skipped="0" hostname="EEE1307118" name="com.actitime.testscript.LoginActitime" tests="1" failures="0" timestamp="2021-05-25T23:49:03 IST" time="12.236" errors="0">
  <testcase name="loginTest" time="12.236" classname="com.actitime.testscript.LoginActitime"/>
  <system-out>
Login Sucessfull.  </system-out>
</testsuite> <!-- com.actitime.testscript.LoginActitime -->
